<?xml version="1.0" encoding="UTF-8"?>
<robot generator="Robot 3.2.1 (Python 3.8.3 on win32)" generated="20200721 20:55:58.722" rpa="false">
<suite id="s1" name="Receber-Pedidos" source="C:\Roboweek\ninjachef\web\tests\receber-pedidos.robot">
<test id="s1-t1" name="Receber novo pedido">
<kw name="Open Session" library="base" type="setup">
<kw name="Open Browser" library="SeleniumLibrary">
<doc>Opens a new browser instance to the optional ``url``.</doc>
<arguments>
<arg>about:blank</arg>
<arg>chrome</arg>
</arguments>
<msg timestamp="20200721 20:55:59.356" level="INFO">Opening browser 'chrome' to base url 'about:blank'.</msg>
<status status="PASS" starttime="20200721 20:55:59.356" endtime="20200721 20:56:03.205"></status>
</kw>
<status status="PASS" starttime="20200721 20:55:59.356" endtime="20200721 20:56:03.205"></status>
</kw>
<kw name="Dado que &quot;bruno.lr@gmail.com&quot; é a minha conta de cozinheiro" library="kws">
<kw name="Set Test Variable" library="BuiltIn">
<doc>Makes a variable available everywhere within the scope of the current test.</doc>
<arguments>
<arg>${email_cozinheiro}</arg>
</arguments>
<msg timestamp="20200721 20:56:03.207" level="INFO">${email_cozinheiro} = bruno.lr@gmail.com</msg>
<status status="PASS" starttime="20200721 20:56:03.206" endtime="20200721 20:56:03.207"></status>
</kw>
<kw name="Get Api Token" library="helpers">
<arguments>
<arg>${email_cozinheiro}</arg>
</arguments>
<assign>
<var>${token_cozinheiro}</var>
</assign>
<kw name="Create Dictionary" library="BuiltIn">
<doc>Creates and returns a dictionary based on the given ``items``.</doc>
<arguments>
<arg>Content-Type=application/json</arg>
</arguments>
<assign>
<var>&amp;{headers}</var>
</assign>
<msg timestamp="20200721 20:56:03.208" level="INFO">&amp;{headers} = { Content-Type=application/json }</msg>
<status status="PASS" starttime="20200721 20:56:03.208" endtime="20200721 20:56:03.208"></status>
</kw>
<kw name="Create Dictionary" library="BuiltIn">
<doc>Creates and returns a dictionary based on the given ``items``.</doc>
<arguments>
<arg>email=${email_parametro}</arg>
</arguments>
<assign>
<var>&amp;{payload}</var>
</assign>
<msg timestamp="20200721 20:56:03.209" level="INFO">&amp;{payload} = { email=bruno.lr@gmail.com }</msg>
<status status="PASS" starttime="20200721 20:56:03.208" endtime="20200721 20:56:03.209"></status>
</kw>
<kw name="Create Session" library="RequestsLibrary">
<doc>Create Session: create a HTTP session to a server</doc>
<arguments>
<arg>api</arg>
<arg>${api_url}</arg>
</arguments>
<msg timestamp="20200721 20:56:03.209" level="INFO">Creating Session using : alias=api, url=http://ninjachef-api-qaninja-io.umbler.net, headers={},                     cookies={}, auth=None, timeout=None, proxies=None, verify=False,                     debug=0 </msg>
<status status="PASS" starttime="20200721 20:56:03.209" endtime="20200721 20:56:03.209"></status>
</kw>
<kw name="Post Request" library="RequestsLibrary">
<doc>Send a POST request on the session object found using the
given `alias`</doc>
<arguments>
<arg>api</arg>
<arg>/sessions</arg>
<arg>data=${payload}</arg>
<arg>headers=${headers}</arg>
</arguments>
<assign>
<var>${resp}</var>
</assign>
<msg timestamp="20200721 20:56:03.411" level="INFO">POST Request : url=http://ninjachef-api-qaninja-io.umbler.net/sessions 
 path_url=/sessions 
 headers={'User-Agent': 'python-requests/2.23.0', 'Accept-Encoding': 'gzip, deflate', 'Accept': '*/*', 'Connection': 'keep-alive', 'Content-Type': 'application/json', 'Content-Length': '31'} 
 body={"email": "bruno.lr@gmail.com"} 
 </msg>
<msg timestamp="20200721 20:56:03.411" level="INFO">POST Response : url=http://ninjachef-api-qaninja-io.umbler.net/sessions 
 status=200, reason=OK 
 body={"_id":"5f176f7142f1f60016038879","email":"bruno.lr@gmail.com","__v":0} 
 </msg>
<msg timestamp="20200721 20:56:03.411" level="INFO">${resp} = &lt;Response [200]&gt;</msg>
<status status="PASS" starttime="20200721 20:56:03.211" endtime="20200721 20:56:03.411"></status>
</kw>
<kw name="Status Should Be" library="RequestsLibrary">
<doc>Fails if response status code is different than the expected.</doc>
<arguments>
<arg>200</arg>
<arg>${resp}</arg>
</arguments>
<status status="PASS" starttime="20200721 20:56:03.412" endtime="20200721 20:56:03.413"></status>
</kw>
<kw name="Convert To String" library="BuiltIn">
<doc>Converts the given item to a Unicode string.</doc>
<arguments>
<arg>${resp.json()['_id']}</arg>
</arguments>
<assign>
<var>${token}</var>
</assign>
<msg timestamp="20200721 20:56:03.414" level="INFO">${token} = 5f176f7142f1f60016038879</msg>
<status status="PASS" starttime="20200721 20:56:03.413" endtime="20200721 20:56:03.414"></status>
</kw>
<msg timestamp="20200721 20:56:03.415" level="INFO">${token_cozinheiro} = 5f176f7142f1f60016038879</msg>
<status status="PASS" starttime="20200721 20:56:03.207" endtime="20200721 20:56:03.415"></status>
</kw>
<kw name="Set Test Variable" library="BuiltIn">
<doc>Makes a variable available everywhere within the scope of the current test.</doc>
<arguments>
<arg>${token_cozinheiro}</arg>
</arguments>
<msg timestamp="20200721 20:56:03.415" level="INFO">${token_cozinheiro} = 5f176f7142f1f60016038879</msg>
<status status="PASS" starttime="20200721 20:56:03.415" endtime="20200721 20:56:03.415"></status>
</kw>
<status status="PASS" starttime="20200721 20:56:03.206" endtime="20200721 20:56:03.416"></status>
</kw>
<kw name="E &quot;bruno.r@gmail.com&quot; é o email do meu cliente" library="kws">
<kw name="Set Test Variable" library="BuiltIn">
<doc>Makes a variable available everywhere within the scope of the current test.</doc>
<arguments>
<arg>${email_cliente}</arg>
</arguments>
<msg timestamp="20200721 20:56:03.417" level="INFO">${email_cliente} = bruno.r@gmail.com</msg>
<status status="PASS" starttime="20200721 20:56:03.417" endtime="20200721 20:56:03.417"></status>
</kw>
<kw name="Get Api Token" library="helpers">
<arguments>
<arg>${email_cliente}</arg>
</arguments>
<assign>
<var>${token_cliente}</var>
</assign>
<kw name="Create Dictionary" library="BuiltIn">
<doc>Creates and returns a dictionary based on the given ``items``.</doc>
<arguments>
<arg>Content-Type=application/json</arg>
</arguments>
<assign>
<var>&amp;{headers}</var>
</assign>
<msg timestamp="20200721 20:56:03.418" level="INFO">&amp;{headers} = { Content-Type=application/json }</msg>
<status status="PASS" starttime="20200721 20:56:03.418" endtime="20200721 20:56:03.418"></status>
</kw>
<kw name="Create Dictionary" library="BuiltIn">
<doc>Creates and returns a dictionary based on the given ``items``.</doc>
<arguments>
<arg>email=${email_parametro}</arg>
</arguments>
<assign>
<var>&amp;{payload}</var>
</assign>
<msg timestamp="20200721 20:56:03.419" level="INFO">&amp;{payload} = { email=bruno.r@gmail.com }</msg>
<status status="PASS" starttime="20200721 20:56:03.418" endtime="20200721 20:56:03.419"></status>
</kw>
<kw name="Create Session" library="RequestsLibrary">
<doc>Create Session: create a HTTP session to a server</doc>
<arguments>
<arg>api</arg>
<arg>${api_url}</arg>
</arguments>
<msg timestamp="20200721 20:56:03.419" level="INFO">Creating Session using : alias=api, url=http://ninjachef-api-qaninja-io.umbler.net, headers={},                     cookies={}, auth=None, timeout=None, proxies=None, verify=False,                     debug=0 </msg>
<status status="PASS" starttime="20200721 20:56:03.419" endtime="20200721 20:56:03.420"></status>
</kw>
<kw name="Post Request" library="RequestsLibrary">
<doc>Send a POST request on the session object found using the
given `alias`</doc>
<arguments>
<arg>api</arg>
<arg>/sessions</arg>
<arg>data=${payload}</arg>
<arg>headers=${headers}</arg>
</arguments>
<assign>
<var>${resp}</var>
</assign>
<msg timestamp="20200721 20:56:03.609" level="INFO">POST Request : url=http://ninjachef-api-qaninja-io.umbler.net/sessions 
 path_url=/sessions 
 headers={'User-Agent': 'python-requests/2.23.0', 'Accept-Encoding': 'gzip, deflate', 'Accept': '*/*', 'Connection': 'keep-alive', 'Content-Type': 'application/json', 'Content-Length': '30'} 
 body={"email": "bruno.r@gmail.com"} 
 </msg>
<msg timestamp="20200721 20:56:03.609" level="INFO">POST Response : url=http://ninjachef-api-qaninja-io.umbler.net/sessions 
 status=200, reason=OK 
 body={"_id":"5f1776e542f1f60016038882","email":"bruno.r@gmail.com","__v":0} 
 </msg>
<msg timestamp="20200721 20:56:03.610" level="INFO">${resp} = &lt;Response [200]&gt;</msg>
<status status="PASS" starttime="20200721 20:56:03.420" endtime="20200721 20:56:03.610"></status>
</kw>
<kw name="Status Should Be" library="RequestsLibrary">
<doc>Fails if response status code is different than the expected.</doc>
<arguments>
<arg>200</arg>
<arg>${resp}</arg>
</arguments>
<status status="PASS" starttime="20200721 20:56:03.611" endtime="20200721 20:56:03.612"></status>
</kw>
<kw name="Convert To String" library="BuiltIn">
<doc>Converts the given item to a Unicode string.</doc>
<arguments>
<arg>${resp.json()['_id']}</arg>
</arguments>
<assign>
<var>${token}</var>
</assign>
<msg timestamp="20200721 20:56:03.613" level="INFO">${token} = 5f1776e542f1f60016038882</msg>
<status status="PASS" starttime="20200721 20:56:03.613" endtime="20200721 20:56:03.613"></status>
</kw>
<msg timestamp="20200721 20:56:03.614" level="INFO">${token_cliente} = 5f1776e542f1f60016038882</msg>
<status status="PASS" starttime="20200721 20:56:03.417" endtime="20200721 20:56:03.614"></status>
</kw>
<kw name="Set Test Variable" library="BuiltIn">
<doc>Makes a variable available everywhere within the scope of the current test.</doc>
<arguments>
<arg>${token_cliente}</arg>
</arguments>
<msg timestamp="20200721 20:56:03.615" level="INFO">${token_cliente} = 5f1776e542f1f60016038882</msg>
<status status="PASS" starttime="20200721 20:56:03.614" endtime="20200721 20:56:03.615"></status>
</kw>
<status status="PASS" starttime="20200721 20:56:03.416" endtime="20200721 20:56:03.615"></status>
</kw>
<kw name="E que &quot;Carne de Jaca Louca&quot; está cadastrado no meu dashboard" library="kws">
<kw name="Set Test Variable" library="BuiltIn">
<doc>Makes a variable available everywhere within the scope of the current test.</doc>
<arguments>
<arg>${produto}</arg>
</arguments>
<msg timestamp="20200721 20:56:03.617" level="INFO">${produto} = Carne de Jaca Louca</msg>
<status status="PASS" starttime="20200721 20:56:03.617" endtime="20200721 20:56:03.618"></status>
</kw>
<kw name="Create Dictionary" library="BuiltIn">
<doc>Creates and returns a dictionary based on the given ``items``.</doc>
<arguments>
<arg>name=${produto}</arg>
<arg>plate=Vegano</arg>
<arg>price=10.00</arg>
</arguments>
<assign>
<var>&amp;{payload}</var>
</assign>
<msg timestamp="20200721 20:56:03.619" level="INFO">&amp;{payload} = { name=Carne de Jaca Louca | plate=Vegano | price=10.00 }</msg>
<status status="PASS" starttime="20200721 20:56:03.618" endtime="20200721 20:56:03.619"></status>
</kw>
<kw name="Get Binary File" library="OperatingSystem">
<doc>Returns the contents of a specified file.</doc>
<arguments>
<arg>${EXECDIR}/resources/images/jacaLouca.jpg</arg>
</arguments>
<assign>
<var>${image_file}</var>
</assign>
<msg timestamp="20200721 20:56:03.620" level="INFO" html="yes">Getting file '&lt;a href="file://C:\Roboweek\ninjachef\web\resources\images\jacaLouca.jpg"&gt;C:\Roboweek\ninjachef\web\resources\images\jacaLouca.jpg&lt;/a&gt;'.</msg>
<msg timestamp="20200721 20:56:03.625" level="INFO">${image_file} = \xff\xd8\xff\xe0JFIF\xff\xdb\x84	( %!1!%)+../383-7(-.-


0&amp; %----0+-0--.--/---+/---/--//---//---/-------------/\xff\xc0\xe1\xe1"...</msg>
<status status="PASS" starttime="20200721 20:56:03.620" endtime="20200721 20:56:03.625"></status>
</kw>
<kw name="Create Dictionary" library="BuiltIn">
<doc>Creates and returns a dictionary based on the given ``items``.</doc>
<arguments>
<arg>thumbnail=${image_file}</arg>
</arguments>
<assign>
<var>&amp;{files}</var>
</assign>
<msg timestamp="20200721 20:56:03.634" level="INFO">&amp;{files} = { thumbnail=\xff\xd8\xff\xe0JFIF\xff\xdb\x84	( %!1!%)+../383-7(-.-


0&amp; %----0+-0--.--/---+/---/--//---//---/-------------/\xff\xc0\...</msg>
<status status="PASS" starttime="20200721 20:56:03.625" endtime="20200721 20:56:03.635"></status>
</kw>
<kw name="Create Dictionary" library="BuiltIn">
<doc>Creates and returns a dictionary based on the given ``items``.</doc>
<arguments>
<arg>user_id=${token_cozinheiro}</arg>
</arguments>
<assign>
<var>&amp;{headers}</var>
</assign>
<msg timestamp="20200721 20:56:03.636" level="INFO">&amp;{headers} = { user_id=5f176f7142f1f60016038879 }</msg>
<status status="PASS" starttime="20200721 20:56:03.635" endtime="20200721 20:56:03.636"></status>
</kw>
<kw name="Create Session" library="RequestsLibrary">
<doc>Create Session: create a HTTP session to a server</doc>
<arguments>
<arg>api</arg>
<arg>${api_url}</arg>
</arguments>
<msg timestamp="20200721 20:56:03.636" level="INFO">Creating Session using : alias=api, url=http://ninjachef-api-qaninja-io.umbler.net, headers={},                     cookies={}, auth=None, timeout=None, proxies=None, verify=False,                     debug=0 </msg>
<status status="PASS" starttime="20200721 20:56:03.636" endtime="20200721 20:56:03.637"></status>
</kw>
<kw name="Post Request" library="RequestsLibrary">
<doc>Send a POST request on the session object found using the
given `alias`</doc>
<arguments>
<arg>api</arg>
<arg>/products</arg>
<arg>files=${files}</arg>
<arg>data=${payload}</arg>
<arg>headers=${headers}</arg>
</arguments>
<assign>
<var>${resp}</var>
</assign>
<msg timestamp="20200721 20:56:04.095" level="INFO">POST Request : url=http://ninjachef-api-qaninja-io.umbler.net/products 
 path_url=/products 
 headers={'User-Agent': 'python-requests/2.23.0', 'Accept-Encoding': 'gzip, deflate', 'Accept': '*/*', 'Connection': 'keep-alive', 'user_id': '5f176f7142f1f60016038879', 'Content-Length': '11821', 'Content-Type': 'multipart/form-data; boundary=44b7469369db432042f5864c52e68d84'} 
 body=b'--44b7469369db432042f5864c52e68d84\r\nContent-Disposition: form-data; name="name"\r\n\r\nCarne de Jaca Louca\r\n--44b7469369db432042f5864c52e68d84\r\nContent-Disposition: form-data; name="plate"\r\n\r\nVegano\r\n--44b7469369db432042f5864c52e68d84\r\nContent-Disposition: form-data; name="price"\r\n\r\n10.00\r\n--44b7469369db432042f5864c52e68d84\r\nContent-Disposition: form-data; name="thumbnail"; filename="thumbnail"\r\n\r\n\xff\xd8\xff\xe0\x00\x10JFIF\x00\x01\x01\x00\x00\x01\x00\x01\x00\x00\xff\xdb\x00\x84\x00\t\x06\x07\x12\x13\x12\x15\x12\x13\x13\x16\x16\x15\x17\x17\x15\x17\x15\x18\x18\x17\x17\x1d\x18\x17\x18\x17\x15\x16\x1a\x17\x17\x16\x17\x18\x1d( \x18\x1a%\x1b\x15\x18!1!%)+../\x17\x1f383-7(-.-\x01\n\n\n\x0e\r\x0e\x1a\x10\x10\x1b0&amp; %----0+-0--.--/---+/---/--//---//---/-------------/\xff\xc0\x00\x11\x08\x00\xe1\x00\xe1\x03\x01"\x00\x02\x11\x01\x03\x11\x01\xff\xc4\x00\x1c\x00\x00\x01\x05\x01\x01\x01\x00\x00\x00\x00\x00\x00\x00\x00\x00\x00\x05\x00\x03\x04\x06\x07\x02\x01\x08\xff\xc4\x00F\x10\x00\x02\x01\x02\x04\x03\x05\x06\x03\x06\x04\x03\x07\x05\x00\x00\x01\x02\x11\x00\x03\x04\x12!1\x05AQ\x06\x13"aq\x07\x142\x81\x91\xa1#BR\x15\xb1\xc1\xd1\xe1\xf0\x17Sb\x92\x16Cr3T\x82\xa3\xc2\xe2\xf1$Dc\x93\xa2\xff\xc4\x00\x1a\x01\x00\x02\x03\x01\x01\x00\x00\x00\x00\x00\x00\x00\x00\x00\x00\x00\x00\x01\x02\x03\x04\x05\x06\xff\xc4\x00+\x11\x00\x02\x02\x01\x03\x04\x01\x03\x03\x05\x00\x00\x00\x00\x00\x00\x00\x01\x02\x11\x03\x12!1\x04\x13AQ"\x81\xa1\xf0\x14a\x91#q\xb1\xc1\xe1\xff\xda\x00\x0c\x03\x01\x00\x02\x11\x03\x11\x00?\x00\xd9\xe6k\xd8\x15\xc3\x1am\xda\x90\xc7\xe6\xbd\x9a\x8c\x1c\xd7\xbd\xed\x01D\x89\xa8\xb7o\xf8\xa0Wy\xeb\xb5Q@\x02\xb1\xc4\xb3B\x93"\xb9\xc3\xb3lA\x9a-\xdd\r\xe2\xbb\x08)Q+ \xb1*6\x9ag\x0f\x88|\xc6D\x0eTP\x81\\\x95\x14\xc4\x08\xc5\xddy\xf0\xedPW\x0bu\xef\xad\xc3\xf0\x81G\xee\x15\x14\xca\xde\x9d\x05!\x92&amp;\x9a\xb8\x87\xa5qr\xe1\x15"\xcd\xc9\x00\xd3\x10&gt;\xfe\x15\x8f*\x82\xbc\x15\x99\xc0 G:\xb2\xd7v\xc5*\x0b\x01]\xc1\xdd\xceH%l\xa0\x85E\xdd\xcf\x99\xe5\\p\x8e(/\xab5\x82\tBT\x81q]I\x1b\xa9*L\x1f*s\xb78\xe3g\x03x\xa9!\xddE\xa4\xcb\xf1g\xbcE\xb5\xc9\xfe\xa0^G\x98\x15D\xf6F\x00\xe2\\UQM\xbbj\xf6\x95m\xb0\xcaV\x0b\x81)\xcbE\x8aZ\x02\xcd.\xde\'2\x87#,\xee\x0e\xf3\\\x8cJN\x99\x8f\x90SN\xe3\xf1V\xec[{\xd7&gt;\x14\x05\x8c\x02L\x0e\x8a5\'\xc8oUg\xed\xd7\xff\x00Q\xee\xab\x84\xbf\xdfe\xce\x14\xf7 d?\x0b3\x0b\x87 \'\x91\x13\xe5E\x01`\xc4\x85~l\xbe\xa0\xd2\xb7r\xe0\xca\x88$~gm zs\xa0\xd6\xbb\x7f\x83\xf7\x8bxCp5\xf7l\x84[\x0c\xe8\xb79\xa1\xba\x00\x04\x8f\xee(V7\xda\xde\tm=\xd5[\xae\x17\x10\xd6\x08P\xb2r\x85=\xe6\x87Kg4\x0ed\x83\xa5\x1aB\xcbm\xbe&amp;\x86\xefr\x0f\x8e3Fa\x9a6\xcd\x96g,\xf3\xa9B\xe5\xde\x88|\xe6\xb0\xce\xceq\x8e\xeb\x1b\xc4\xb8\x95\xc3\xe3\xc3\xd8*\xe4\xc9\r\x89\xbct\xb6H\x13\x95]J\r\xe1miD\xac\xf6\xf7\x128\x7fz\x98\x81s\x11v\xcesmY^\xe5\xb7\\@G6\xd3)\xcaM\x9c\xcf\x04e\\\xa3N\xae\x85f\xc0q\x17\x01\x86\xb5#\xaa\x91]\xe6b4\x10z\x1a\xa1\xf1_h\x89\x82\xc2Zl\xeb\x8d\xbfy\xcfp\x96\xd8\x07{n\xe7\xbb.\x14\x12\x18)U0\xba\xb0\x81\x1c\xac=\x8e\xedbc\x96\xea\x946\xaf\xd8|\x97\xec\x96V6\xdf]3.\x8c%XOU#\x95\x14\x01\x07\xbf\x88\x1f\xf2\xc7\xd6\x9a\xf7\xacW\xf9C\xebE\x8bi5\xe2\xb50\x05\xfb\xde\'\xfc\xa1\xf5\xa5EsR\xa2\x80l\xd3\x17\x04\xd3\xc4\xd7\x1c\xe8\x19\x0b\x11\x86s\xb3E@*\xc8\xde&amp;&amp;\x8d\xdc\xa8\xcfl6\xf4\x9a\x1ag\x98g\x9a\x9c\xa2\xa1\xe1\xad\x055.i\x89\x9dMz)\xb2\xf5\xe0\xb9@\x0e\x11\\]\xb8\x07:j\xfb4\x18\xde\x87\xe2\xf0\xec\xc9\x12d\xf3\xa0\tX\x82\xac"Ey\x85\xc3@\xd0\xcd\x0c\xfd\x8a4!\x8e\x9c\xa6\x8b\xd9H\x14\x0cf\xf3\x1d\x8d5g\x15\x95`\xefRnA\xae\x05\x81Hd\x94\xbcH\x06\xa4\xda~U\x0fj\xa4\x7f\xc6X\xbb\xbcB\xf6\x1b\tb\xdb\xda\xc3\x1bB\xf6b\xc2\xe3\xe7uV6\x8e`\xab\x94\x12u\x06r\x1e\xa2\x99\x13B\xc4a\xd1\xc0WP\xd0U\xc0 \x11\x99\x1820\x9ea\x80 \xf2"\xb2\xfe\n\xb7m\xe3\xf1\x98{`\xae"\xf64]w\xcb9paQ\xcb\x06 \x82\x1d\xa2\xd8\x1em\xcdj\xdf\x8a\xed\xdf\x0f\xb7{\xdd\x9f\x12\xabx\x1c\xa4er\xa1\xbfK\\\x0b\x906\x9b\x135%\xfbO\x87\xf7S\x8d\x0e\r\x80\xa5\x8b\xc3h\x01*\x7f\x0c\x8c\xc0\xc8"\x08\x9d(\x11\xefh8\xb1\xb0\xd6R\x03\x1b\x8eWS\x00\x05\xb5v\xe37\x9c\x0bgJ\xc78f.\xff\x00\xec\xfe\'\xc5\x8b\x0e\xf7\x10\xec\xaa@\xd5T6@T\xfeP\xa1\x88\x1f\xf4\xa9\x9d+E\xed.+\x05\x8ek\x18a\x89{W\xee\x00\xf6Y\x11\xa4g\xb3rT\xbb!Ef\xb4\xcf\xe1$4\x11\xe52\xfb/\xfb&gt;\xc9\xfd\x99a\xcd\xcb\x96W\xc6!\x8ce\xca\x1an\x05\x08^\\\x12\x01\xfc\xdb\nC2\x0e\xcb\x02q\xd6\xed\xdaR\x87\x0f\x87U\xc2\x86\x1e7\xbf\x89\n{\xf6Rg\xfek\xdd=\x16\xd8\x1eUc\xec?\xb3\x1b\x8bi\xfd\xe5Y\r\xac_x\x83O\xc6[Hrm\xf9K\x19\xf9mZ\xf5\xbe\x1dan\x1b\xc2\xd2\x8b\x99`\xbeQ\x9b(\xe4[x\xd2\xabX~\xd8\xbb\xe2\xb1d\xf7K\x80\xc2.[\x97\x8c\xf8\xae\xc2\xb1\xca\xe1\xa0\x80\x1a2\x85\x9d\xb5\xd6)\x88\xa2\xfb8\xec\xc0\xc6a\xee\xd9\xbc\x97\x15\x1e\xee"\xe6$\x90T\x9b\xad6\xec\xa2\x12&lt;Y\x01\xb8\xe6d\x02\xcb\xe6*\xd9\xc4\xfb \xb8&lt;\x15\xd1\x86K\x97\xae\xdd\xb9k\xde\x1ce\xef\xeeY\xef\x10^D&gt;\x10\xbf\x84\x18\x00#~\xb5r\xe0\xfcR\xde*\xd0\xbdd\x93m\x8b\t*\xcaeX\xab\x02\xae\x01\x10A\x1bUk\xb7=\xa2\xc6\xf0\xfbwqKo\x0fs\x0c\x9d\xda\x85f\xb8.\xcb\x95R\xe4\x80A\x19\x9a2\xc00&amp;yP\x053\x82\xfb?\xc4\xb6\x0b\x0fy\x02aq6/b.\xa2:\xe6\x84\xb8|\x01\x82\xee\xeb\x12\xb3\xe5\xb5H\xf6"\x8b\x87O\x10g\xc4cZ\xe5\xd6;\x94\xb5`\x95V\xb9\'L\xce\xed\x1c\xcc\x9e\x95\xa1v\x8b\xb5\xf8,\x13\x05\xc5_\x08XHP\xae\xed\x96c1[jJ\xac\xe9\'J\x8b\x82\xc4p\xcc&gt; -\x9e\xed/\xe3\x00\xb82#M\xd0Aev*!A\x96#4I\'s@\x16\x06\x7f\x88\x0eU\x14\\i\x02\x85\xff\x00\xc6\x18\x01\x89\xf71\x88S\x88f\xcb\x94+\x91\x9e$\xa7x\x17&amp;`\x06\xd9\xa8\xae\xc7ZC\x1e\xa5MM*`&lt;E4W\xce\x9c+L\xb8\xa0G\xac\xbet\xceA\xd6\x9a\xbdw\xce\xb8\x95\xd0\xd0H\x92\x90\x0e\xa6\xa4w\x8b\xd6\xa0\x92\xb5)--\x02=\xb8\xdd)\x9e\xe7\\\xc5\x8f\xa5Hkb\x97w@\x0c_f:-\x07\xe3\xdcM\xac[1\x13\x1aU\x86"\xaa=\xb2\xc2\x97B\xc3\xf2\x83Q\x97\x04\xa3Vf\xf8\xbe\xde\xe3-\xdc\x90\xc0\x80v#O\xad_\xbb\x0f\xdb\xabx\xcf\xc3a\x92\xe8\x1a\xa9?q\xd4VM\xc4-\x86$\x8a\x7f\xb0\xdc&gt;\xe1\xc6\xa9I\x112z\n\x8ad\x9a&gt;\x84e\x03Z\xe6\xdb\x82k\x8bJ\xd9@:\xd7v\xed\xc1\xab\x08\x0f\x85\xac\xfb\x85\xf0\x8cV\x0b\x88c\xde\xdd\x86\xb8\xb8\xa0\xade\xd62\xab\x92d\\b| \x13;m\xb4\xedW\xf6\xbb\x15\x00\xdf\xc5\x12r{\xb9Y1&amp;\xe4\xc7)\x81\x13I\x82f/o\xb3\xf7\xec^\xc2\xa62\xc4(lc\xc6\x8cq7\x9c\x01\xf9y\xb16\x80\x9d`\x1a\x93\xc0\xb8\x1b&gt;\x1b\x1b\x81\xb2\xc7\xbd\xbbt\x86\x0cse\xb7\x87\x12I\x9d\x8b\xdd!A\xd3\xe2\'\x95k\xc5\xb1\x9f\xa7\r\xa6\xda\xdd\xfeU\x04\xf7\xd6\xcb\xbeL\x1a\x16\xd5\xda]g\xcd\x8ckQ\xa6KQ\x99\xe0l\xdd\xb5{\x85\x0cB\x1bl\xa7\x15\x89\xba\xa4\x15?\x87l\xad\xbc\xc0\xea"\xde\x1d\x7f\xddV\x0ff\xd8{\xb6\xd5\xd0[t\xc5\xde\xc4\x97\xc4\\d$\xa5\x80\xe1\xce\xad\xe1\xf1\xc9Q\x1b\x96\'\\\xb4S\x89\xe0\xce)\xad\xdcq\x86so0V[\x97va\x0c\xa4\xae\xeaF\x84Q\x1b\x9cv\xed\xa8\x17.a\x12v\xcfq\xc7\xef\x14\x95\xd8\xdf\x03\xbe\xd1l\xe2.a\xed-\xabmu{\xfbf\xfd\xa5`\xa6\xed\xa0\x1eP\x92@\xca_$\x89\xdak$\xc1Y\xbe\xfc6\xf6\x18!,\xdcB\xe5\xdcB[\x1b%\xb5\xc3g\xca\xab\xc8;\r\x06\xd9|\xab]\xc5\xdf\xc4\xdc\xb5\x9c&gt;\x17!\x12\x19]\xf2\xc0\xe7\x9a"\x86\xf0\xbb&amp;\xd3=\xebK\x83^\xf1\xb3]\xb8.\\*[\x9c\x93\xa2\xeav\x11\xa9\xa6\xee\xf6"\xa9 \xe7g\x18\x99\xee\xc1L**Z\xc3\xa6X\xcd\x92s\xdd\x13\xaeS \t\xdf):\xcdR}\xae\xe3\xae]\xb3\x8a\xc2\x82\x15-\xa6\x19\x8a\x817/\\\xbbw\xc0\xaa?*\x8c\x84\x98\x92OH5x\x18\xbcNN\xf36\x13&amp;\xf9\xf3\xdc\xcb\xa6\xe74E@C\xef7\x05\xc5\xfd\x9fz\xe5\xbd\x983;\'\xa1\x00\x91M\xf0%\xc9\x9cv\xff\x00\xb3\xd8\xc0\xf8\xbb\x97A\xb8\x97\xbd\xd5\x1b\x10B\x80\xb6\xc3\xaf\x80($\x8f\xc4\nO/\x08\xab/\x04\xb1\x8b[\xf8\xacE\xbb\x19\x97\x13j\xd2`\x9c\xe5\xcbel\x8b\x96\xd1\xaeL2\x82\x19n@\x1a\xccU\xaa\xf6&gt;\xf0qm\x9f\x04\x1d\xa2\x10\xdcp\xc6L\x08R$\xea)\xe2\xd8\xcf\xd3\x87\xfa\xdd\xfeTP\xec\xc88o\t\xc5\xe1/\xe1;\xfb$5\xb1\x8b{z\x867\xf1\x0c[+1\x12$\xcd\xb0\']\t\xe7[}\xbbL\x15C6f\n\xa1\x9bO\x11\x03V\x81\xd4\xebPXcO,7\x96\xb7\x7f\x95\x15Q\xa5\t\t\xbb\x1a\x8aT\xe6ZU"\' \x1an\xe3\x1a\x90\r1u\x87:\x06\n\xe2W\xc0\xd3\xad1m\x1a\x00\x1a\xd1&amp;[m\xb8\xa8\xf6p\xea\xad\xe14\x89\r]f\x1c\xaav\x17\x16H\x82"\xb8\xb8\xb0w\xa9\xc8\x04S\x13gB\xe8\xa7\x01\xa6\x8d\xb5\xaer\x11\xb1\xa0\x88\xf9\xa1\xfcO\x07\x9dJ\xf5\xa9"\xff\x00#]\xe6\x07\x9d\x032\x8c_\xb3\xb7g%^\x04\x9eSV\x9e\xcdvq0\x8b\xe1\x92\xc7rw5h\xc4\xb8PLM\r\xb3z\xe3\x1f\x82\x05*D\xae\xc2v\xd4\x9dk\xbbu\xc2\xe9\xb9\xafC\x83\xb1\xa6Dq\xc0\x8a\x8b\x84\xc3\x85c\x1c\xe9\xe3plk\xac\xeb\xd4P\x03\xae@\xac\xbf\xdb~$\xfb\x8c\t\x8c\xe2\x7f\xda\xdaV\x91\x7f\x10\x83sT\x8fh\xfc)\xb1\xd8ab\xd4+f\x06[h\x82?\x8d\x01E{\xd9\xdb\xf7\\!nF\xaa\xb7\x9b\xff\x001\xa3\xf8U#\xb1\xfd\x98&lt;b\xf6.\xe5\xeb\xc5Z\xd8R\x073\x98\xbc\rvQ\x97\xff\x00\xe8U\x87\x84\xfb?\xe2h\x12\xd1\xc72X\x07\xc4\x8a\xef\x19fJ\x85\x07\x9f\xf1\xa6\xb8\x87\xb3,]\xbb\xcds\x07\x88(\x1eA\xca\xcc\x8d\x04\xea\tS\xa8\xf2\xa4\x92Cv\xca~\x07\x15v\xcac0!\xc9\xb5\x95\x98\x8eA\x90\xa8\x91\xea\t\x07\xae\x94f\xeaGf\xd0\x82|X\xab\x84\xfc\x8d\xb1\xff\x00\xa4U\xcf\x82\xfb-KxK\xd6\xda\xe6lM\xe0\x01\xb8F\x8a\xa0\xceE\xe7\xa9\x82O8\x1d*\xbe}\x95q\x11o\xdd\xdf\x14\xa3\x0f\x9f&gt;Yb\xa1\x8c\x02\xc1:\xe89\xf2\xa7dh\xac\xde\xc7\\\xc4Z\xe1\xdc??we\x8a\xa9\x8d\xa6\xe5\xe8.\xddbf\xb5\x8e\xce\xfb.\xb3\xc3q&gt;\xfb\xef\x0e\xcbi\x1c\xaa\x98\x04\xf8`\x96\x88\x90\'o1U~\xd1v\x0e\xc5\xcbvl\xe1\xae\xc5\xdb(\x14\xe6\x10\\\xcc\x96\xd3i3\xa7-+\xbc\x07\xb3\xce$\xc1\xae\\\xc7\xb3\\\xc8\xd6\xd5Y\xdd\x86V\x10s3\x1f\x86\x07\xc2&lt;\xbaQaL\xce\xb8\xe7\x16\xb9\x7f\x15s\x1a\x1a\n\xdcVC:\xe8\xd2\xb0=D\xd7\xd4}\x9b\xe2\xcb\x8b\xc2X\xc4\xaf\xfc\xcbj\xc4th\xf1\xaf\xc9\xa4|\xab\x1f\xb7\xecz\xd8\xb0U\xaf\xe6\xc4\x93\xa4\x08\xb6\x06\x9ao\'\x9e\xb5\xa2{5\xec\xde#\x87\xe1;\x8b\xd7\x16\xe0\xceY\x02\x822\x06\x89\x13:\xeb\xaf\xcc\xd1aE\xbc8\xafI\xa5\x96k\xd34\x00\xd7yJ\xbc\x8aT\x00\x0e\xf7h\x0f\xe5M&lt;\xe8F?\xb4:\x80Z\x0f\x95E\xe2\xd6\xc5\x8b\x99.\xbc\x023)\xe6\xc8N\xe7\xa6\xd5#\x87`m]3m\x89$N\xa0|#s#j\xe1O\xac\xca\xdd\x1d\xb8t\xf8\xa2\xb55\xb0\xed\x8cK\x9dT\x934R\xc8u\xd4\x89\xa9\x98L-\xbbB9\xf3\xa98uW\'\xc5ZqC$w\x94\xb7\xf4e\xcb\x96\x0fe\x1d\x88~\xf0\xa7SO[\xc5.l\xa0\xf2\xa61\xdd\xd5\xb2Na\xa02&amp;\x80\xe1\xb8\x824:\x9eg\xf7\xd4\xf2u\x8e\x11\\_\x92\xbc}2\x9bo\xc1od=k\xa0\xc6(=\xacK8\xf8\xb4\xae\x17\x1aT\xf7A\x81\xf355\xd7\xe3\xbe\x08\xfe\x92D\xfb\x98\xaf\x14Ex\xed\xf25\x07\x12t\x06u\x15\x1e\xfd\xc2\xda\x8eU\xaa9c$\x9d\xf2R\xf1\xc90\xc5\x9b\xc7\xd6\x9ek\x84r\xaa\xfe\x13\x8ar\xe7E\xacb\xc9\xde\xa7d\x1a:\xbbq\x98h*\x12\xa3\xa1\x99\xa9\xcc\xcd\xd0\xfd\r@\xc6\\+\x96A\x861\xe7\xa7\x97!J\xd0\xc9+.&amp;k\xac&gt;\x1b\xc5:\x9a\x1d{\x89\x00\xd9@&amp;#0\x1e\x9a\ng\x8c\xf1\x89\xb6\x15\tR\xda1\x8dB\xff\x00\xa7\xcc\xed\xf5\xaa\xa5\xd4c\x8d\xef\xc1lpd\x95m\xc8V\xff\x00\x13\xc3\xabd-\x99\xfa(\xcc~\xd4\xeaww5_\xa1\x10~\x95M\xe1\x90\x08E\x90I\x1f=y\x9euo\xbbp\xaa\x9d\x86U\x95&gt;\x9b\xc8\xacP\xeb\xa5&amp;\xdd*F\xac\xbd$`\x92Wd\xa4\xc3\x8e\x82\xb9\xb9\x90\x1d\xa9a.\x86\x02X\x06\x81\x98\x03\xb1\xe9\xe7O\xdf\xb0\x08\xde\xbaQ\x92\x92\xb4s\xe4\x9c]3\x8bV\xba\nX\xbb\x12\xa4Ey\x83\xb6Tj\xd3R\xe2\xa4"\xb9\x86\xe1J\x1f1O\x11\xe7S\xf1\x96\xf2$\x81EB\xd7\x8c\xa0\x884\xa85\x14kV1&amp;\xe9a\x19&gt;\xf5h\xe1\xd8\xa2V\x0f-\xf4\xa9\x82\xc2\x81\xa53f\xd1BJ\x89\x07qE\x0e\xec\x90.\x8aM|S\x17H\xdcoI\xae\x93\xf9i\x8a\x87;\xd5\xa5Q\xbb\xc3\xfaiR\xb0\xa2\xaf\xc5;0\xfcI\x15\xee\xddkEV\x15T\x03\x1dK\x13\xf1r\xd0mP\xfb3\xd9\xecf\x07\xbcC\x96\xea\x9dQ\xf3e\xd3\x90*\xd3\x1e\x93VN\x1b\x8f\xb4\x88\xc8\xcd-l\xb0$\x1d\x88\x03c\xd0\x8d}\r\x04\xe2\xfd\xb4\xc3\xab@2\x08\x83\xe4u\xd6|\xeb\xcd\'\xfd:\\\xfe~\xdf\xec\xedFY\x1c\x9cR\xf8\xfd\x81\x9d\xa6\xed9\xc3\xdc\xca\xe1\xa7.\x82\x08\x13\xd6v\x8a\xa1Y\xed&gt;"K-\xd6Ic\x9a\t\xd8\xd5\xd6\xc7k\xed\x93\x92\xe2\x8b\x8b\xb6R\x14\x86\x07\x91\x06\x80q\x8e\x1f\xc3\xd3\x17\xdea\xd4\xad\xae\xedY\xed\x12an\xb1iU\x93\xb4e1\xb0\xe5\xd2\xb5b\xca\xa4\x9a\x92\xa6Y\xda\x94\x1aU\xcf\x90N+\x8f\xb4\x1c\xaeKubu\xf2=jg\x03\xed\x1b\xb0\xcaU\x01\x00\x96$\xc0\x14\xdek!Zm\xc3\xc9)\x0b&gt;\x93U\xfb\xbc#\x13}\x99\xad\xdb\xdb\xe3#A\x03\xadh\x8c1\xcfi!d\x94\xe2\xee?\xe0/\x88\xed\xc6)\x89Kd*\x8ec\x9f\xa5\x18\xec\xcf\x1cw%\x99\x89q\x13\'qU|/\x0e)o\xbd\x80\xca7\x03sOp&lt;U\xcfxg\xb7d\x01\xa0\x00\xedSxqi\xaa\xd8\x84\';\xa7\xe4\xd0G\x1car\x08\x91\xc8Q\xec\x17\x19\xb7\x98\x06\x19OC\xa6\xfc\xeb&gt;\xe2\x8f\x95\xbb\xd3\xa4\x0f\x10\x07\xf7P\x9cOj\x16I*2\x89\n\xb9\x8e\x9df\xb2\xcb\xa7M\xa7\x0b-qU\xf24\xfe\xd4\'u\x96\xed\xa22\xb1\x19\xbc\xa7cA\xf1|z\xe2Yk\xc9|B\x9222\xb0\xccz[c\xb8\xf9o\xa5P.v\x9e\xf7u\xddf"\xd9%\x95N\xa70\x82\xb2z\x03\x069\xc0\x9a\x81\xc5\xf1\xc5\xb2$\xb4 \x13&lt;\xdc\xea\xc7\xcfRu\xad\x9d\x9dq\xd3\x93s\x15\xa8;\x89~\xe1\x1d\xac\xc6\xe2\x9dlZ:\x91\x99\xe4\xf8m\xac\xfcLF\xfeJ5\'N\xa6\xaf\xf8&lt;\x0b\x00\x01\xb8\xcfr5v\xe5\xd0\xc7!\xbe\x93&gt;uO\xf6C\xc3\xc2a\x85\xe8\xf1]\xb8X\xcf\xe9_\n\x0fO\x89\xbf\xf1U\xc3\x8fq\xdb\x184\xb9\xde\x10\xd7 \xbd\xb4_\x8a\xe4\xfc \x01\xb0\x9d\'a\x15\xcf\x9cV\xb7\x18.6\xfc\x7fbr\x9c\x98\xf3#\xc7\x8e\xda\xb0\xdb0\x83\xf7\xd1\x85V{C\x80l9W$\xb5\xab\x84\x85-\xf1#\rr1\x1a\x1d\x06\x87\xca\xab\x96}\xa5\xe2\x11\xf2&gt;\x1d$\xc1\xca\x0b\xce\xb1\x1c\xb5\xdf\x94\xd1\x1fh\\]\xf1&lt;&lt;"\x85\xb4\xc2\xea3\x12\xc7u:%\xb9PKx\x81\xe5\xa4\xd4\xa3\xd3M\xec\xf6_\xc98\xceX\xa4\x9d\x13\xf07\xd3y\x03\xa9;\x8a=\xc1\xb1V\xc9\x90{\xceGY\x99\xfb\x1a\xc4?a\xf1\x04&gt;0\xef\x1a\x95,d\x89\x13\x0b&gt;!\xa8\xda\xb4\x0e\xc6q\xfb$-\xb6\x9bo\x07C\xa0\xf9\x1d\xaa\xac\xbd4\xb0\xd3N\xcb\x9eE\x96,\xbf^\xc1\x80\xdd\xe5\xb59L\x02bH\xf2\xf3\x15\xd3_ e\'\x99\xd6\x08\xf4\xde\xa4p\xecIU\xd7Q:i\xf5\xa0\xdcr\xfd\xcb\x01\xaf4^EbT|,\x11\xb5\xdc|y~\xba\t\xebZ16\xe3p{\xf9F&gt;e\xa6_@\xae\x1e\xe3\rN\xa3\xf8T\xc5\xc5yT\\&amp;"\xd3\xaa\x94:\x15\x90?\xea\xd6\x9d\xb4\xcc\x04\x01\x07\xa1\xfeu\xb7\x1fP\xd2\xa9nf\x9e\x1d\xf6\xd8\x94\xd7\xbc\xab\xb4j\x13\xfbT\x82A\x02Ev\xbcTt\xab\x7fS\x12\xbe\xcc\x82\xe0W\xaa(Zq9\xd8S\x89\x8ei\xe5O\xf5\x11#\xda\x918\xa8\xa6s\x19\xda\xba\x17\x89\xae\xd1\xa7j\x97v"\xd2\xc6\xa9T\xac\x94\xaaz\x91\x1a0\x8e\xf6\xcb\xbd\xc6W\xce\xc4\xcb\xdd\xcb\x05\x9b@YW@\x13\x92\xcc\xe9\xcfZ\x17\xc5n\\\xee\x9c#r \x8c\x8aD\x13&amp;\x0cJ\x9d7\xf5\xa2\\\x07\x84\x0b\xebj\xfa\x82\xa73\xad\xe0\x04+(\x04\x02\xa1H;\xc4\xc7\x9e\x9aT\xb1\x80\x04\xb2#\xe69\xb2\xf8mxv\x00\x9dX\x12\x99\xa5dO\xc3\xae\xf5\x8f\xb5{\xd1\xd8ykk)\xdd\x9c\xc6-\x9b\xf6\xae\x12\xcaC\x00NY\x01I\x86!y\xd5\xb3\xb5XP/w\xc0\x86F\x8f\x14D\xc4\xc1\x11\xa1&gt;t\xfd\xce\x0c\xb6\x82\x92\x17Rr6R5\x8dt"W^S\xe7]w\xca\xcbz\xc0*M\xc2\x03.i\xcb\x0b\xe0\x91\xe6D\xe6X\xe8j\x19!_"\xdcy5\xec\x8aV#\x89\x90X\x93\xa6\xc2\x9e\xe1\xfd\xac\xbf\x86\xb2\xe8\xaa\xac\xb7O\x88\xb4\xca\x83\xfd(8\xf0\xbb-\xc5\x82\x84\xe6\x07\xf7\xff\x00Z\x95\x89\xb4$\\^p\x19y\x11\x1b\x8a\x92\x84W\x82\xb79Ir\x18\xc1q\x0c&gt;\xaa\xcem\x88\xd0~SNq.,\x81TZa\xcba\xbf\x9c\xd5w\x8b\xd8T\xcam\xa9\x00\xeaga\xd4\x0f*\xf3\x88Ykj\xae\xa3B\x06o\x9d%\x08\xba\x1fv[\xd7\x8fE\x97\x89\xe3\x94\xdb\x00\xc4\x0827c\xccUN\xc6\x1c\xddf#\xf54\x01\xce5\x9at\x16kL@\x92 Dl\x0e\xe4\x0f\xefz%\xfb1l\xdbn\xfa\xe0\xb4C\x102\xea\xcf\x94\xfeU1\xe1=|\xc5\t\xe8Uc\x92\xee;\xad\xb9\x04{\xbd\xd3$\xb1;@:\x08\xeb\xae\xd1D\xaf\xe03ZWk\x8a__\x87P@\x9d7\x12G\xa57k\x88&amp;B\xec\t\x19\xa1\']\xbc\xce\x84\x8d\xfdjJ\xdd9\xa7(\x02 k\xa8\x10F\xfd\x0ei\xab\xb54\xad\x99\x965)W\x80\xe7e{Wv\xde\x18\xda\xb7\x92-\x80\xbd\xe9\x98P69w\xcd\x1c\xbd(%\xfb\xf7q\x173_gl\xe4k\xb4.\xe0\xe51\xd7\xfb\x9a\x17\xc0q\xa2\xd5\xfc\xb7\x135\x92\xc1\xae\x08\x9c\xa4\x1d\x1dcf\xfd\xf5e\xc4\xbd\xbb\x8e\x1a\xd9\x85\x1f\x17\x87a?\xaau"N\xa4~\xea\xcc\xe2\xb1\xcd\xb4\xb9\xde\xcdXb\xa7\x15\xed:\np\x82!R\xea\x86\xb0\x08\xdf\xfe[\xb4C+\xfeV\xe7\xfb\xf5\xa1\xfcG\x84\x8b\xd8\xcb\x8e\xb7R\xdb\x07\x12\xba\x92\xc7qpt\x90\x07-\xea?\x1d\xc6)\x03\xdd\xda\x06Q\x99H\xd1\x98\x18\xcc\'\xe1 EI\xec\xfd\x90\xa5\xef;\xe6\xbar\x12f[^\x87\x96\x82\x07Bv\xaa\xf7\x8cu\x9a\x1dNZ+\x83\xdfh/s\xdfCk\xa2&amp;C\xcc\x18\x86,\'\xc2\xc65\xdbH\xa3\xbd\x8b\xc2\x1b\x96\xc3\xe5V\n\xd0\xcb:\x98\x13:\xea@\xaa\x87\x19\xc2\xdcK\x86\xe7v\x18\xddge\x08\x0b\x16_\xc8&amp;51\xb8\x8d"h\xa7\x06{\xb6Z\xdb\x9b\x0c\x838\x90\xd2\x000H$F\x80\x83\x12G\xee\xad\x1a\xdb\xa6fX\xd2\x8c\xa3\xe4\xd4}\xf5\xed\x95R\xacU\xb5\x04I\x0b\xa6\xcc5\xcb\xe5\xf4\xa8\xf7\xd6\xe8\xba\xd7\x14\x13l\x8f\x1cD\xc6X\xd5?4\x032&lt;\xf4\xa87\xb8\xfa\xb3fTp\x9afR\xa70$\x81#\x99\x00\xe5\x04\xf9\x8e\xa2\x89a1\x81\xf3\x17\x05r\t"u\x93\x10\xba\rU\xb6\x0c\x01\xdcy\x8a\xd3\xa6&lt;\x98&gt;Hiqv\xcb\x0bj`"\xa00c/9^\xab\'\xee(\xbe\x1b\x19\x00\xa3\x02@;\xc4\x1f\xebU[\xb6Z\xff\x00\xbb\xe2\x9a\x17\xbbrZ\xdc\x10\xbd\xdb\xac*\x90O\xc5\xe1\x06[\xad\x1e\xb4\x19s\tR$\xe4\xca\xa4\x00\xb3\xa0=t\xaenLJ/TY\xad\xbb\x8e\xe1l_\x0fK\x99ZbzW\t\xc0\x97\xf551\x85\xc6\x95\x0eH%\x06\xa4\x01\'\xce(\xe6\x1a\xe8`\x08\xd8\xedZ:g\x0c\x96\xa4\xb71f\xd7\r\xd3\xd8\x83o\x83\x8d\xb3\x1f\xb5&lt;\x9c8\x0f\xcdS\x89\xf2\xae]\x87J\xd9\xd9\x87\xa3?r^\xc6\x86\x13\xfdU\xdd\x9c0^d\xd7JE-)\xf6\xa1\xe8Z\xd8\xe5*o(\xebJ\xa7H\x89\x85\xe20w_\x08\x88o-\xb7\xb6\xf9\x91\x91\x80W\xd3L\xc4A\x1a\xce\x9e\x94\x17\x80\xf1\x1c\xf8\x9c\xb8\x9b\xad"\x101i\x00\xa3\xc8V\xea\xa4\xf3;\xce\xb4F\xf6\x082-\x9c\xf2r\x98\x10T\xa3r\xe7\xac\xb8\x11\xce\x9a\xc2\xf6^\xdd\xd5\x19\xdc!Q\x98\xe5\x8c\xe4h\t\xd4k\xa0\xe7\xb9\x04\xd73\x14\xd4yg\x7f67-\xcbO\x1a\xc7&amp;Sl\xa8\x0e\xa4\x1c\xaaX\x86,\x1b"\xda\x81\x974\x02\xda\xc4\x00g\x95\n\xe0\x98\x96\xbe\xce\xc6\xd2#[\x85\x02AV\x07\xc5\x92@\x92\xc0I"t\xd2\xab\xd8\x1c{\xe0.\x0bWO{\x86$\xe5h\x92\xa6\x04\xbd\xb0~\x16\x13\x1a\x8dA\xa8W\x9c\xdb\xbc\xf7,\xdcX\xd1\x80\x98\x173\x98b\x80\xc8\x125\x86:A\xd7j\xd5$\xa6\xb7\xf2d\x8d\xc1\xed\xe0\xb8b\xb8\x1e\x1a\xfd\xa6e\xf0\\iB\xf0N\x8aHPW\xe7\xeb\x00Us\x07\x83\xbfld\xbb\x91\xadL+\r\x9a6"u\x8a7\xc0\xb8\xb2]@\x9a\x079\x88%\x893\x06\x15\x8c\x0f\x16X\xd6?}\x13\xc0p\xabX\x93\x1a\x81\x02A\'x\xd4\xads\xfb\x93\xc7i\xf0_\xd4\xc58\xea_Q\x8e1\x82\xc1]\xc1\xb4\xdf\xcbqVQTs\x1b\x08\xe7;U\x06\xe5\xcb\xb9;\xb6S\x9a\x00\x82 \x8e\x9a\x1a\xbe^\xe1\xb60\x0f\xde\x0boy\xd3\xc4\xa0\x91\x1a\xeck\xcc&amp;6\xee6\xff\x00\xbc&gt;\x1f)\xd1v\xd0/\xa9\xdc\xd3Yt\xc6\xf9(\xc1\tp\xb8*|+\xc2\xaa\xa4\x0e\xfaL\xc8\x11\xf1\r\x0c\xec2\x89\xf3\x9a#\x8e\xb4\x97\x11\xd7"5\xc6\x93\x9d\xa78\x81\xe2S&amp; \x11\xb8\xeai\xde\xd4\xe0Z\xde!\x98\x08&amp;\xd9u\x0b\x1b#(pGX3\xe8*\x1e#\x12\x993\x03\xcad\x88#A\x03A\x11\xa1\xd0\xeab\xa7w\xf2F\xc87\xa7K\x00\xd8uc\x90\x81\x95\x15U9@ \xc9&gt;e\xb5591\x19T;,\xa8\x80\xa0u\x8es\xac\x7fJ\x17m\x8b]b\x10\x1du\x1f\x97\xefR\xf0\x98\xc5\xb2\xc5n\xaf\x88\xc9#\x90&amp;N`\xdd\x00\xfd\xd5\xa2H\xcf\x8e{z\xe4\x91\x83\xb2\x8e\x1a\t\x97\x00\x9d\x08\x1c\xa0\x0f\xbe\xfd(g\x0eg\xfcE\xd7(h,yI"\'\x9c\xc5Y\x14\x0e\xe8k\xa8\xd9c`F\x84\x9el|\xba\x0e\xb5\x0b\x89pCh\x07&amp;\x1c\x92J\x19\xd3h=\x0f\xadW\x19\xc7u\xec\xb6X\xe4\x9ah\\?\x0e\x89p39 \t\xee\xc1\x9d\xb7\xca6\'\xd4\xd3F\xf1\xcf\x9eL\x110\xb9d,\xc0\x024\x9ez\xd2\xe0\xb8\xee\xe5\xc6o\x0e\xa7\xf1\x08\xdaF\x99\x9b\xa1\xe5\xca\x9c\xbfhY\xb9\x99\xfcKp\x96\x95 \x9f^\x94\xad\xeai\x92\xb5\xa5V\xde\xcb\xa7\x0b\xed\x05\x9ba\x12\xc2\xdf\xbbz\xdaf{a\x16A\xcb/,\xda\x81\xa4\xfe\xea\xa8q\xcfhX\x8cC\x80\x96\xd2\xcas\n3;\x89\xd9\x9d\xb9m\xe1\x00mK\x8dv\x95\xed\xdb6\xec\x1c\xb9\xc4;\x17\x19\xa4\x8dB*\xed\xbcI\x98\x8a\x00\xb6%\x12\x15\x89PK\x0e_"\x06\x9c\xaaXq\xa5\xf2\x92(\xea&amp;\xe5-1|\x1b\x07e\xb8\x92\xe2-\xa9:5\xc5\xc8\xe4,\x06\xba\x80\x1f\t&gt;@\xed\xfc(\x86\'\ryP\xb8\xba\x18\xab1L\x8a$0C\x91A"Fb\xa2C\x13\xaeQ\xe7UN\xc7\xf1\xe4\xb8\xcba\x81R\x10\x05\x8d\x8eM\xd8\xfe\x88\x8d\x86\xe4\x99:\xd5\x95\xb17&gt;\x16\xb6\xf7\x15\xd8\xa3e\x82\xe8Cg\xb6H\x8f\x10\x1b\x89\xd23\x02A\x15\xa2O\xe0\xd9J\x8f\xf5(\x87n\xd3^{wY\xc9U\xb7\xde\\@J\x89\x02\x1e\xdc\x08\']`\xf4&gt;Ue\xc1\xf1\x1b&amp;\x021\xcaD\xa8;\xc0\xd2E\x00\xb9\x88\xc3-\xc7\x02\xf8\x00\x12.)\x02A`5r\xde D\xc4\x89\xdfn\x85x\x8e\x03"\xe4\xb5\xaf\xc0\xd6\x9bM\xb3\x02H&lt;\xa3]:\n\xe7\xcdJ\xb5]\x9b\xa4\xa1?\x8b\xb5\xe8\x9b\x84\xb8\xc5\x8e\xa0\xa9\xe9\xce\x8b`\xf1}\xda\x1c\xd2@:|\xe8V\x0e`)\x89\xd2c\xee}&amp;\x8ep\xbc\xacJ\xb1\x1f\xe9\x1di\xf4\xe9\xac\x91f\x0c\xf5\xa5\xa2%\xce\xd0\x8eJ\xc7\xe5L\x7f\xc4$\xfeF\xfaU\x93\xdd\x17\xa0\xa40\xab\xd0W[s\x9f\xb0\x06\xd7\x1a\'\xf27\xd2\x9f^)?\x94\xfd(\xc8\xc3/A]\x8c:\xf4\xa2\x98Z\x01\xfe\xd1\xff\x00I\xa5G{\x81\xd2\x95\x14\xc2\xd1\x81\xf6k\x85\x1b\x96\x8d\xcc\xdd\xe5\xd2K\x92Nc\x98\x93\xe2q\xf16\xc7A\xb9\xd2\x8c\xe2\x95p\xe8\xe9\xe2\xcf\x91@%Kh\x16\r\xd6#RI\xdf\xcc\xeb\xa5V\xfd\x9dc\x16\xc6ib\xc1\xce\xe3I\t:\xc1\xe4d\xefW\x9b|z\xd19\x92\xe2\xb1&lt;\xb9D\xed\x07} \x91\xce+\x8d\x97i3\xd1c\xd4\xe2\xb6\xf0Ux\xc6\x19\x02d\xc8.\xdc`\x91\xe1S\xf1\x1dK&gt;\xf1\x98\xed\xb4\n\xaa\xf1[v\xec\xe2\x08\xee\x98[*\xac\xa0\x82:\x8c\xe9\x98x\x90\x91\xbe\xda\x9e\x95\xa3\xdd\xe1\x96\x11\xd9\xee6\x97aL6\x88\xb3-\xdd\xe5\xd4\x00\x03F\xb3\xe9@\xbbc\xc3\x8e*\xea_\xbby,\xd9\xd2\xd6\x1a\xc2\xa1\x9bi\x00\x81q\x84\x85mA;\x8d@\x06\xad\xc2\xef\x9e\x0c\xddWQ\x1ct\xbc\xf2D\xc6\xe3/\xdd\xb4\x0f\xbb\xda\th~\x13!\x06\xe8\x0c\x04\x17$IX\x13\x00W\\\x07\x8d;\xdd\x10\xe22\x92@\xdcr\x9f9&lt;\xa8\x9a\xf0\xcc\xf6\x99\xc8T\xb0\x14\x85\n\xe42\xe4\x01A]\xc8V\xfd3\xb0\xe5U^#\x81\xbdb\xe2\xa6\x1d|.\xb9\xe6$\xed\xaa\x96?a\xe7J*2N(\xce\xfa\x87M4Z.v\x86X\xdb\xbaS}\x02\x8dF\xfa1\xf3\xa7\x9b\x8e\xb42!\xee\xc9X\xb4\xe241\xa2\xc5f~\xf9\xaf0gY\xdez\x19\xa3\xfd\x93\\F#\x10\x16\xc2\xab\x14R\xec\xb7\x0c,m\xbc\x18i:Q,\x1awE\x98rEc\xa9\x1d\x8e-yq6\xef_\x0cJ\xb3\x07\xcc\x0f\x88\x10C\x10\x08\xd4k\xca\xab\xf8\xec\x15\xc0n\x9ba\xd6\xda1\\\x8c\xad0vR\xa7b\x14\xfa\xe9W\xab\xfd\x92\xc4;\xe7\xbdmR\xd0:\xa1\xb8L\xaf\xe6U*sI\xd7\x9e\x95h\xc0\xe3\x16\xed\xc5[\xeb\x99\x04(\x04f]\x14\x00n\x1f\xceF\xc3\xd2\x87\x99cv\x90\x9by\x17\x1f\x7f\xcf\xe0\xc9x\x1aL\xf8\x80,4\x04\xc0\'ic\xbc\x0e\x83_J\xf6\xfd\x81in3\x90\xcd\xb0*\x84\xa9\x9dr\xc8&gt;\x1dy\xd4\xbcN\x00\xd9\xbdp:\x95!\xdcZV\xd8\xa2\xb9\x8dv1\xa0&lt;\xe6\xa3q~( ) \x1f\xf4\x9d\'\xd2\xae\xb7)lX\xa5\x05\x8c\x8b\xc3\xb8\xa4!0\xd9\xd5\xed\x91\xac\xa9P\xd2T\x0eDh}*\xcb\x89\x17\xf1./5\x93\xddNb\x1fE+\x1c\xb3m\x1dj\xaf\xc2U\x981\x81\xdd\xa9Y#\x93;l\x072~\xc0Q\xd5\xc15\xdb\xcaU\xc3\x00A!\xdf]&lt;\xb6oJYRR\xb5H\x97O-Q\xdd\xd8W\x07j\xca\xdb\xba\x1d\x94\x1c\xa03\xc0\xca\x06`\xda\x16:\x98\x1c\xb9\xc6\xd4\x1a\xcd\xebMiAS9\xc1\xd4\x03\x109\x99\x9e\x7fZn\xfd\xb0\xecQ\xc9\xde\n\xb6\xb9\x08\'\xc06\x00\xeayt\xa8&lt;G\x03s\x0fx\xaa$&amp;\xeaX\xcc\x8eb\x7f5(\xc5]7\xbf$\xf2\xe4\xa4\x9dm\xc7\xeeyp[lC\x10\xb9\xad\x82\xaa\x17A\x9f\xe6\x01\x89\x91V\xde\x0e\xd62\x02\xbe\x0b\x99\x99\xad.fe\x84C\xa1\xdb+\x97\xe5\xd1j\x9fv\xd5\xc4t\xee\xd1\xf5\xb8r\x15\x04\xcb\x80\xa4(\x89\x92\x01\x06\x8c\xf0f\x18[\xc1\xee\xf8a\x89$\xab:\x12\x04\xb2\xb2\x81\x98\x12\t\xfbyT\xb2\xc5\xb5\xb7\xd0\xe7\xcb\xa8q\x7f\x0f{\x81mq[\x8b\x887T\x14l\xe5\xc0\x06\n\x93\xbc\x1f=g\x91\x93W|\x17\x13\xc6\xb6[\xf2P&lt; \x07)\xb8\xc8I$\xc1\xd7.\x9a\x12#\xc4N\xb4#\x1b\xd9\xec=\xe6LF\x11\xdcY\xb8\xd9UYser|#0\xe5\x06&lt;B|:\xcc\xcdN\\M\xb221\xb2\x97\x11\x96\r\xb6\x91+\xe1p\x8a!\x84\xc0\x19N\x80\xcfAK.K\x8dG\xeaj\xe9t\xca[\xb2\x7f\x19\xc2]k\xd6\xee"\x06\x94Y\n\x07\xe2\x18\x9b\x876\xd9\x89\'Q\xbcQn\xc3b\x1a\xfe\x8fq\xff\x00\x0c\xb8\x12A\xf8\x84\x0e\xf1|\xe0\x19\x1br\xe7Sx-\x94\t\x99\x0b\xdc\n\xe5\xd6\x18\x16Fd6\xca\x83\xf9\xb4\xd4LWM\x96\xcd\xbc^1m\x07qiY\x04K\xaa\x15]\x04\x080Cr\xf5\xd2k+M\xc5%\xce\xc6\xb9\xcbJ\x90pZ(v\xf9\xce\xff\x00&gt;b\x80\xf1n \xcdp21\\\x9a)\x07\xea|\xea\x89\x86\xf6\x81~\xf3*1\x0blh\xaa7\x83\xd4\xff\x00\n-~\xf6`\x08\'\xe5[p\xe0qz\xa5\xc9\xc9\xc9\x95IR\xe0\xd1\xfb7\xdbUb-b![`\xfc\x8f\xafCWPgQ\xb5`\x961\x13\xcbZ\xb8v?\xb5me\x85\x9b\xe4\x9bf2\xb7\xe8\xff\x00\xdb\xfb\xabb\x91\x95\xc7\xd1\xa6\x81^\xd7(\xc0\x89\x06A\xd4\x1a\xea\xa6@T\xab\xdaT\x08\xf9Q\xac:][L\xb9\x19Ph\xcb2\'H\x8d\xc4\x8d\r\x11\xc2\xf0\xbcQo\x15\xb6\x00\xc9\xcf\x00\x00\x00\x90Y\x81:\x10t\x9f\xbd^0\x1d\x93\xc2\xf7yY\xe6HbH\xe6\'*\xc9:\t\'A\xd6\x8f\xe0\xb8F\x1a\xc0\xc85\x04\xcc1:\xb4\t$s\xd0\x08\xae,\xb3\xc5\xad\xb8;\x11\x9eX\xa5\xec\xce\xb08lB\xba\xb5\x8cE\xb5\xca\xc7R\x99\x83\xe8A\xf3\xcb\xa9\xd2\xad\xe3\x87b\x08\x16\xca\xda\xba;\xce\xf37\xc22\x95\xd8G\x8b}\xa7a4c\x19\x80\xb4\xe4x\x16\x06\xba\x80?\xf9=\x05ERD\xa2\xef\xcc\xfe\x95\xd3A\xaf\x84i\xf7\xac\xef#[x%4\xb2=~Ox\x95\x8b\xec\x88\x14%\x95Q\xe2_\t\xd7\x94\x1e\x915S\xe2wU|,\xecu\x0c`\x90#\xa0c\xaf\x9f\xca\x8eq\x0cr\x81\x07}\xc9\x9e\x9bG\xa4V\x7f\xdaN%\xb9\xeb\x11\xf4\xd0S\xc6\xb5\xcb\xe2\x89%\xa2\x15\'\xb1L8K\xd9\x98\x05&amp;\t\xd4\xf3\xd7s=h\xd7\x06f\xc3\xdcK\x82\xe1\xcf\xb4) k\xa4\x18\xdcP\xdb\x98\xd6=~\xb5\xd2\xe3\xa0e\xc85\xe7\xcf\xeb]i\xa9IU\x18\xa1\xa2&gt;M\x03\x85\xf1\xab\xec].\x92A\xf8\x0bo?\xa7\xd2\xa3\xf0\xde,-\xde\xba\xae\x8fr\xe3\x13q\xc2\xb4%\xa5X\x1a\x8eB\x0e\xfe\x95[\xc2\xe3\xdb,L\xeb"u\xca`\x89^\x9b\xd1.\x0f\x8a6n-\xe4\x0br\x0f\xe2\xad\xc9\x87S\xc8\x8e\x93\x06u\x12\x05dP\x8an\xcb\xa7\x8e\xd2\xae&lt;\x96\xae*\x8busb2\xbd\xb6\x85i\x92\xe1\x98h\x04\x88\x81\xd6A\x985\n\xf7\xb3\xbc6\x1c3\xdc\xbc^\xcd\xc4XR!\xc6\xfe \xc3B\'n\xbetV\xe7\x16\xc3\xdfp\xcbtan\x15P\xe1\xed[l;\x90I\x87\x8d\x97X\x0c\t0u\xda\x85q\x1b\xae\x97\x07\xed\x05\x0fd\x0e\xedU\x1b\xc2\xcb\xb8\xb9m\x97\xe2\x0b\xbea\x1d\x08\xabTi\xdc^\xdeP\xa5\x08\xd2Ls\x86pK~\xecp\x01\xe0\xdd\xef/\xd9\xba!\x82\\\xb4W2\x97\x00f\\\x90L\x80|C\xca\xaa\xdc\x15\xadw\xa1\xf28P\xce\x1c\x81*\xd9A\xceWY\xcb\xcc\x81\xb4\xe8kS\xb3\xc0P\xe1\x11\xf07\x06\xe6\xe09\xbcW\x97\xbbeky\x81\x85\xcc\xa5F\xa3H\x1ah+9\xc0v\xba\xfc\xdd$[\xb6-\xf8m\xdb{h\x18\xdcrA\x9ee\x80\x1a\x9eC\x95E\xef\xabN\xff\x00\xf4\xcf,\x9d\xb6\xd4Kn\x07\xb0\xb6\xee\xb5\xbb\xf6\xfb\xee\xe5\x99\xa0;\xa6`C\x15\x0caI\xee\xda$\x19\xcd\x04\n\x9b\xdb\xde\xc9b\xb1\xae\x96\xed[\x16\xd1\x02\x16\xba\xee\xa1Z\x01\x98\xcaK1\x8d6\xaa\xe7b8\x966\xcd\xd0\xe5\x1d\xd2\x19\x16\xd9f\x00\r\x0f\x85u\x00\x0e\xb5l\xed\xef\x10\xbfr\xdd\xa1\x86\xbc\x80\xdd!Z\xca\xc9\xbcs\xcf\x89\x00&gt;1\x13"4\xcb3U\xb6\xe3"\x1a\xa57\xbb \xf6_\x85-\x95*\x19\x1e\xe5\x9c\xce\xcbh\xc9\xd3S\x1f\xaa@\xa9&lt;S\xb3~\xf6\xb7n\xa5\xae\xe5\xdff\xcccB3x\x0cD\xaf@5\xa7{%\xd9\xa7\xb7n\xd2\xa8\xb8\x8cH\xef3\xab\xa9R\xa4j\x9f\xe5\xc8\'z\xb7b8Sm\xdf\x14X\x88\x07\xc4&amp;d\xe7\x9es\xa4\r"\xaa\x8c7rL\xb3,\xa7&amp;\xa2\xf8F!\xd9\xdc-\xfbb\xf0\xb6\xc0\xe50\xa3\xf5\x15:\x95\x07nz\xf2\x8a\x9d\x8b\xec\xce6\xea\x0cE\xbc9t\xba\xd9\x89!V\xe3x\xa7Y!\x86\xe7_\x9e\xb5\xacp\xdb8;\x1f\x87f\xca\x00\t\x97\x08X\x96"X3\x1dK\x1e|\xe9\xbcc_\xbe\xa6\x7f\x08I\x10DIS\xf9\x8f1\xa6\xde|\xea\xc7\x91\xdb\x92\x1e\x14\xe1+fm\xc0q8\xac&gt;!\xed5\xb0\x1d\x95\x10\xd9\xcd\x9b*\xb1\x9c\xc8P\xc0 &lt;\xce\xa4t\xe5S\xef+`\xf0X\xccBbl\xdc\xb5\x92\xed\xb4\x95qw3\x9c\x8a\x08_\x08 \x9eB=\x05Zm`l\xd9\x92\xa4\x9b\xa7Vdh\x8f,\xca\x04\r6\xfbP\xae=\xc0\x9f\x88[l-\xbc\xb8u,\x1d\xfc\x07(!\xa7X\x89bu\xd7S\x06\xa8Y\xa2\xf2%\xed\xa3\xa19\xb9co\x8d\xbf\x9f\xcf\x1e\x8c\x1a\xc1\x88\xab_\x02\xe2\xd1\x08\xc7J%\xda\xafe\x98\x8c\x15\x86\xbe/\xa5\xe4A\x99\xc6R\xa4\x01\xccjf\xa9\x96\t\x10k\xb3\xa9IZ9\x11Mrh\x889\xd4\xc4i\x1a\r\xb7\xaa\xdf\x01\xe29\x86F:\xf2\xa3\xe8\xe0\x11:R\xd4OC|\x1a\x07a\xb8\xeeB0\xd7\x1b\xc2\x7f\xec\x8fB\x7f$\xf4&lt;\xaa\xfbX@\xc4\x1c\xc0\x85"9\xe6\x8d\xb9\x8a\xd8;/\xc5}\xe2\xc2\xb9\xf8\x87\x85\xfdG?\x98\xab#/\x053\x8dn\x17\xa5J\x95L\xac\xcc\x91\x84n&lt;\xfaW71\r*\xb6\x91\n\xeb\x99\xce\xfeQ:\xc5P\x8fjcc\xcb]\rZx\x1e+\xbdEraZ\x02\xe9\x12ONb\xbc\xcb\xc4\xe0\xaeG}n\xf6\xdc%o\x15p\x92\xa4\xe9\xbe\x84\r\xb4\xd7\x9dF\xe2\x18\xc0\xa3&amp;\x93\xcf)\xdb\xa0\xfe\xe6\xb8\xed\r\xbc\x96\xcb+D\x02Hc\xa1\x00\x12L\xf2\xda\xb3|OkP\xb0\xd4\x95\xe7\x95c\xe8Z\xac\xc3\x89\xe5_\x12\x19\'\x1c{\xc8\xb5\xe3qv\xd2K\x1d \x929O +&lt;\xe3\xbcK\xbe\xb8H&gt;\x01\xb7\xcfsQ8\xaf\x13k\xce\xd1!$\xc0&amp;L\x7f\xa8\xf5\xf4\xa8h+\xab\x83\xa6\xed\xee\xf90f\xcf\xafd&gt;\rzMx\xa2\xba\x02\xb4\x14\x8fa\xef\x95\xa38Lj\x8f\xca\x0e\xbc\xf7\x1f?\xefj\x02\xc6\x95\x9cL\x18\x98\xfe5NLZ\xb74\xe2\xcd\xa7f\\lb\x86\xdam\xa6\xda\xcf\x97?Jw\xbc\xcf\x96uQ\xbf\xa72&lt;\xe2\xab8|@\x1efA\x13\xb6\x9c\xbf\xadN\xb3\x8d\x83\x98\xa7\xac\x19\xd2gX\xac\x8f\x1b\\\x1b;\x91|\x87\xf8#\x0c=\xe5\xbfa\x9d\x08$\xb8\x04\x14e?\x10t:A\xd0i\xa8\xd3Y\x157\x1a\xd6.\xbb\xbbY\x0c\xd7\x8ek\x92H9\xdbr\x85N\x92I#\xef@O\x13\xb6[\xc2r\x92I\x926\xd3\xa7C\xb5?\x87\xe2"u\xdb\xcb}j\xa9\xf7\x18\xe3\x8f\x13\xe5\x060\xd8\x1bH\x00\x9b\xc0\x89\x82.l\x0e\xebFx\'\x14L\x18qi\x0eV\x03\xe3i\x88\xfd\'p&lt;\x85V\xf0\x98\x80\xc0I\xfe\x9a\xf5\xa9\x97pyHl\xc5\xb4\xf8t\x81\'a\xd4\xe9T9K\x86\xcbV\x0cK\xc1s\xff\x00\x8b\xaf\x9f\x80Y \xc0][\xc2\xc7Ya\xa7\xd2\xb9\xe3&lt;R\xe5\xd2\x11n-\xb6X`C\x12\',\x96\x03B\xd11\x07\xa7\xce\xaax`\x90H!L\xc8\']z\xd4\x8c\x07\x19\n5\xdf\xc8}\xe4\xd4d\xe4\xc4\xb1A;H\xb1a\xfbH\xda!\xb82\x91\xab\xc49?\xaa4\x1e\xbf:q\xf1\x97\x19s\x16\x05W\x99;\x8e\x9e\xbd(U\xde.\x97AW\x82"\x078\x1b\xe9\xd0\xd0\x14\xc4\\\\\xd9\x10\xf7`\xc4\xb1\xca\x9eZ\xb1\xd6\xa0\xe0\xf2\x12Q\x8cw\xaa-\xd8n:\x15\x1a`hF\x9f=u\xf5\x03\xebA8O\xb4\x8b6o=\xab\x83\xf0X\x8c\xac\xbb\x86\x80\x0c\xc9\x93\xb7\xda\xa9\\w\x8f\xf7\x93i_4\x1f\x13)\xfc3\xa6\xc8w&gt;g\xca\x80\xdc\xc2\x07\xde\xb7\xe0\xe8\xe9\\\xdf\xf6\xfd\x8cy\xf3\xc5\xba'... (set the log level to DEBUG or TRACE to see the full content) 
 </msg>
<msg timestamp="20200721 20:56:04.096" level="INFO">POST Response : url=http://ninjachef-api-qaninja-io.umbler.net/products 
 status=200, reason=OK 
 body={"_id":"5f177e9a42f1f60016038894","user":"5f176f7142f1f60016038879","thumbnail":"thumbnail-1595375257973","name":"Carne de Jaca Louca","plate":"Vegano","price":10,"__v":0,"thumbnail_url":"http://ninjachef-api-qaninja-io.umbler.net/files/thumbnail-1595375257973","id":"5f177e9a42f1f60016038894"} 
 </msg>
<msg timestamp="20200721 20:56:04.096" level="INFO">${resp} = &lt;Response [200]&gt;</msg>
<status status="PASS" starttime="20200721 20:56:03.637" endtime="20200721 20:56:04.096"></status>
</kw>
<kw name="Status Should Be" library="RequestsLibrary">
<doc>Fails if response status code is different than the expected.</doc>
<arguments>
<arg>200</arg>
<arg>${resp}</arg>
</arguments>
<status status="PASS" starttime="20200721 20:56:04.096" endtime="20200721 20:56:04.097"></status>
</kw>
<kw name="Convert To String" library="BuiltIn">
<doc>Converts the given item to a Unicode string.</doc>
<arguments>
<arg>${resp.json()['_id']}</arg>
</arguments>
<assign>
<var>${produto_id}</var>
</assign>
<msg timestamp="20200721 20:56:04.097" level="INFO">${produto_id} = 5f177e9a42f1f60016038894</msg>
<status status="PASS" starttime="20200721 20:56:04.097" endtime="20200721 20:56:04.097"></status>
</kw>
<kw name="Set Test Variable" library="BuiltIn">
<doc>Makes a variable available everywhere within the scope of the current test.</doc>
<arguments>
<arg>${produto_id}</arg>
</arguments>
<msg timestamp="20200721 20:56:04.098" level="INFO">${produto_id} = 5f177e9a42f1f60016038894</msg>
<status status="PASS" starttime="20200721 20:56:04.098" endtime="20200721 20:56:04.098"></status>
</kw>
<kw name="Go To" library="SeleniumLibrary">
<doc>Navigates the current browser window to the provided ``url``.</doc>
<arguments>
<arg>${base_url}</arg>
</arguments>
<msg timestamp="20200721 20:56:04.098" level="INFO">Opening url 'http://ninjachef-qaninja-io.umbler.net/'</msg>
<status status="PASS" starttime="20200721 20:56:04.098" endtime="20200721 20:56:05.115"></status>
</kw>
<kw name="Input Text" library="SeleniumLibrary">
<doc>Types the given ``text`` into the text field identified by ``locator``.</doc>
<arguments>
<arg>${CAMPO_EMAIL}</arg>
<arg>${email_cozinheiro}</arg>
</arguments>
<msg timestamp="20200721 20:56:05.118" level="INFO">Typing text 'bruno.lr@gmail.com' into text field 'id:email'.</msg>
<status status="PASS" starttime="20200721 20:56:05.116" endtime="20200721 20:56:05.390"></status>
</kw>
<kw name="Click Element" library="SeleniumLibrary">
<doc>Click the element identified by ``locator``.</doc>
<arguments>
<arg>${BOTAO_ENTRAR}</arg>
</arguments>
<msg timestamp="20200721 20:56:05.391" level="INFO">Clicking element 'css:button[type=submit]'.</msg>
<status status="PASS" starttime="20200721 20:56:05.390" endtime="20200721 20:56:05.472"></status>
</kw>
<kw name="Wait Until Page Contains Element" library="SeleniumLibrary">
<doc>Waits until the element ``locator`` appears on the current page.</doc>
<arguments>
<arg>${DIV_DASHBOARD}</arg>
</arguments>
<status status="PASS" starttime="20200721 20:56:05.472" endtime="20200721 20:56:05.836"></status>
</kw>
<status status="PASS" starttime="20200721 20:56:03.616" endtime="20200721 20:56:05.836"></status>
</kw>
<kw name="Quando o cliente solicita o preparo desse prato" library="kws">
<kw name="Create Dictionary" library="BuiltIn">
<doc>Creates and returns a dictionary based on the given ``items``.</doc>
<arguments>
<arg>Content-Type=application/json</arg>
<arg>user_id=${token_cliente}</arg>
</arguments>
<assign>
<var>&amp;{headers}</var>
</assign>
<msg timestamp="20200721 20:56:05.837" level="INFO">&amp;{headers} = { Content-Type=application/json | user_id=5f1776e542f1f60016038882 }</msg>
<status status="PASS" starttime="20200721 20:56:05.837" endtime="20200721 20:56:05.837"></status>
</kw>
<kw name="Create Dictionary" library="BuiltIn">
<doc>Creates and returns a dictionary based on the given ``items``.</doc>
<arguments>
<arg>payment=Dinheiro</arg>
</arguments>
<assign>
<var>&amp;{payload}</var>
</assign>
<msg timestamp="20200721 20:56:05.838" level="INFO">&amp;{payload} = { payment=Dinheiro }</msg>
<status status="PASS" starttime="20200721 20:56:05.837" endtime="20200721 20:56:05.838"></status>
</kw>
<kw name="Create Session" library="RequestsLibrary">
<doc>Create Session: create a HTTP session to a server</doc>
<arguments>
<arg>api</arg>
<arg>${api_url}</arg>
</arguments>
<msg timestamp="20200721 20:56:05.839" level="INFO">Creating Session using : alias=api, url=http://ninjachef-api-qaninja-io.umbler.net, headers={},                     cookies={}, auth=None, timeout=None, proxies=None, verify=False,                     debug=0 </msg>
<status status="PASS" starttime="20200721 20:56:05.839" endtime="20200721 20:56:05.839"></status>
</kw>
<kw name="Post Request" library="RequestsLibrary">
<doc>Send a POST request on the session object found using the
given `alias`</doc>
<arguments>
<arg>api</arg>
<arg>/products/${produto_id}/orders</arg>
<arg>data=${payload}</arg>
<arg>headers=${headers}</arg>
</arguments>
<assign>
<var>${resp}</var>
</assign>
<msg timestamp="20200721 20:56:06.317" level="INFO">POST Request : url=http://ninjachef-api-qaninja-io.umbler.net/products/5f177e9a42f1f60016038894/orders 
 path_url=/products/5f177e9a42f1f60016038894/orders 
 headers={'User-Agent': 'python-requests/2.23.0', 'Accept-Encoding': 'gzip, deflate', 'Accept': '*/*', 'Connection': 'keep-alive', 'Content-Type': 'application/json', 'user_id': '5f1776e542f1f60016038882', 'Content-Length': '23'} 
 body={"payment": "Dinheiro"} 
 </msg>
<msg timestamp="20200721 20:56:06.317" level="INFO">POST Response : url=http://ninjachef-api-qaninja-io.umbler.net/products/5f177e9a42f1f60016038894/orders 
 status=200, reason=OK 
 body={"_id":"5f177e9c42f1f60016038895","user":{"_id":"5f1776e542f1f60016038882","email":"bruno.r@gmail.com","__v":0},"product":{"_id":"5f177e9a42f1f60016038894","user":"5f176f7142f1f60016038879","thumbnail":"thumbnail-1595375257973","name":"Carne de Jaca Louca","plate":"Vegano","price":10,"__v":0,"thumbnail_url":"http://ninjachef-api-qaninja-io.umbler.net/files/thumbnail-1595375257973","id":"5f177e9a42f1f60016038894"},"payment":"Dinheiro","__v":0} 
 </msg>
<msg timestamp="20200721 20:56:06.318" level="INFO">${resp} = &lt;Response [200]&gt;</msg>
<status status="PASS" starttime="20200721 20:56:05.839" endtime="20200721 20:56:06.318"></status>
</kw>
<kw name="Status Should Be" library="RequestsLibrary">
<doc>Fails if response status code is different than the expected.</doc>
<arguments>
<arg>200</arg>
<arg>${resp}</arg>
</arguments>
<status status="PASS" starttime="20200721 20:56:06.318" endtime="20200721 20:56:06.318"></status>
</kw>
<status status="PASS" starttime="20200721 20:56:05.836" endtime="20200721 20:56:06.318"></status>
</kw>
<kw name="Então devo receber uma notificação de pedido desse produto" library="kws">
<kw name="Convert To String" library="BuiltIn">
<doc>Converts the given item to a Unicode string.</doc>
<arguments>
<arg>${email_cliente} está solicitando o preparo do seguinte prato: ${produto}.</arg>
</arguments>
<assign>
<var>${mensagem_esperada}</var>
</assign>
<msg timestamp="20200721 20:56:06.321" level="INFO">${mensagem_esperada} = bruno.r@gmail.com está solicitando o preparo do seguinte prato: Carne de Jaca Louca.</msg>
<status status="PASS" starttime="20200721 20:56:06.320" endtime="20200721 20:56:06.321"></status>
</kw>
<kw name="Wait Until Page Contains" library="SeleniumLibrary">
<doc>Waits until ``text`` appears on the current page.</doc>
<arguments>
<arg>${mensagem_esperada}</arg>
<arg>5</arg>
</arguments>
<status status="PASS" starttime="20200721 20:56:06.321" endtime="20200721 20:56:06.350"></status>
</kw>
<status status="PASS" starttime="20200721 20:56:06.319" endtime="20200721 20:56:06.350"></status>
</kw>
<kw name="E posso aceitar ou rejeitar esse pedido" library="kws">
<kw name="Wait Until Page Contains" library="SeleniumLibrary">
<doc>Waits until ``text`` appears on the current page.</doc>
<arguments>
<arg>ACEITAR</arg>
<arg>5</arg>
</arguments>
<status status="PASS" starttime="20200721 20:56:06.352" endtime="20200721 20:56:06.370"></status>
</kw>
<kw name="Wait Until Page Contains" library="SeleniumLibrary">
<doc>Waits until ``text`` appears on the current page.</doc>
<arguments>
<arg>REJEITAR</arg>
<arg>5</arg>
</arguments>
<status status="PASS" starttime="20200721 20:56:06.371" endtime="20200721 20:56:06.389"></status>
</kw>
<status status="PASS" starttime="20200721 20:56:06.351" endtime="20200721 20:56:06.389"></status>
</kw>
<kw name="Close Session" library="base" type="teardown">
<kw name="Capture Page Screenshot" library="SeleniumLibrary">
<doc>Takes a screenshot of the current page and embeds it into a log file.</doc>
<msg timestamp="20200721 20:56:06.824" level="INFO" html="yes">&lt;/td&gt;&lt;/tr&gt;&lt;tr&gt;&lt;td colspan="3"&gt;&lt;a href="selenium-screenshot-14.png"&gt;&lt;img src="selenium-screenshot-14.png" width="800px"&gt;&lt;/a&gt;</msg>
<status status="PASS" starttime="20200721 20:56:06.390" endtime="20200721 20:56:06.824"></status>
</kw>
<kw name="Close Browser" library="SeleniumLibrary">
<doc>Closes the current browser.</doc>
<status status="PASS" starttime="20200721 20:56:06.824" endtime="20200721 20:56:09.187"></status>
</kw>
<status status="PASS" starttime="20200721 20:56:06.390" endtime="20200721 20:56:09.188"></status>
</kw>
<status status="PASS" starttime="20200721 20:55:59.355" endtime="20200721 20:56:09.188" critical="yes"></status>
</test>
<doc>Suite dos testes de recebimento de pedidos
Sendo um cozinheiro que possui produtos no dashboard
Quero receber solicitação de preparo dos meus produtos
Para que eu possa envia-los aos meus cliente</doc>
<status status="PASS" starttime="20200721 20:55:58.725" endtime="20200721 20:56:09.191"></status>
</suite>
<statistics>
<total>
<stat pass="1" fail="0">Critical Tests</stat>
<stat pass="1" fail="0">All Tests</stat>
</total>
<tag>
</tag>
<suite>
<stat pass="1" fail="0" id="s1" name="Receber-Pedidos">Receber-Pedidos</stat>
</suite>
</statistics>
<errors>
</errors>
</robot>
